# JRE version: OpenJDK Runtime Environment Corretto-21.0.5.11.1 (21.0.5+11) (build 21.0.5+11-LTS)
# Java VM: OpenJDK 64-Bit Server VM Corretto-21.0.5.11.1 (21.0.5+11-LTS, mixed mode, sharing, tiered, compressed oops, compressed class ptrs, g1 gc, windows-amd64)
GC Precious Log:
 CardTable entry size: 512
 Card Set container configuration: InlinePtr #cards 5 size 8 Array Of Cards #cards 12 size 40 Howl #buckets 4 coarsen threshold 1843 Howl Bitmap #cards 512 size 80 coarsen threshold 460 Card regions per heap region 1 cards per card region 2048
 CPUs: 8 total, 8 available
 Memory: 7975M
 Large Page Support: Disabled
 NUMA Support: Disabled
 Compressed Oops: Enabled (32-bit)
 Heap Region Size: 1M
 Heap Min Capacity: 8M
 Heap Initial Capacity: 126M
 Heap Max Capacity: 1994M
 Pre-touch: Disabled
 Parallel Workers: 8
 Concurrent Workers: 2
 Concurrent Refinement Workers: 8
 Periodic GC: Disabled
Heap:
 garbage-first heap   total 281600K, used 96825K [0x0000000083600000, 0x0000000100000000)
  region size 1024K, 11 young (11264K), 11 survivors (11264K)
 Metaspace       used 34966K, committed 35328K, reserved 1114112K
  class space    used 4067K, committed 4224K, reserved 1048576K
GC Heap History (20 events):
Event: 7.415 GC heap after
{Heap after GC invocations=12 (full 0):
 garbage-first heap   total 138240K, used 47206K [0x0000000083600000, 0x0000000100000000)
  region size 1024K, 8 young (8192K), 8 survivors (8192K)
 Metaspace       used 33958K, committed 34304K, reserved 1114112K
  class space    used 4010K, committed 4160K, reserved 1048576K
}
Event: 7.605 GC heap before
{Heap before GC invocations=12 (full 0):
 garbage-first heap   total 138240K, used 120934K [0x0000000083600000, 0x0000000100000000)
  region size 1024K, 80 young (81920K), 8 survivors (8192K)
 Metaspace       used 34013K, committed 34368K, reserved 1114112K
  class space    used 4011K, committed 4160K, reserved 1048576K
}
Event: 7.618 GC heap after
{Heap after GC invocations=13 (full 0):
 garbage-first heap   total 138240K, used 51026K [0x0000000083600000, 0x0000000100000000)
  region size 1024K, 8 young (8192K), 8 survivors (8192K)
 Metaspace       used 34013K, committed 34368K, reserved 1114112K
  class space    used 4011K, committed 4160K, reserved 1048576K
}
Event: 7.868 GC heap before
{Heap before GC invocations=13 (full 0):
 garbage-first heap   total 138240K, used 120658K [0x0000000083600000, 0x0000000100000000)
  region size 1024K, 76 young (77824K), 8 survivors (8192K)
 Metaspace       used 34093K, committed 34432K, reserved 1114112K
  class space    used 4013K, committed 4160K, reserved 1048576K
}
Event: 7.881 GC heap after
{Heap after GC invocations=14 (full 0):
 garbage-first heap   total 201728K, used 54597K [0x0000000083600000, 0x0000000100000000)
  region size 1024K, 8 young (8192K), 8 survivors (8192K)
 Metaspace       used 34093K, committed 34432K, reserved 1114112K
  class space    used 4013K, committed 4160K, reserved 1048576K
}
Event: 8.264 GC heap before
{Heap before GC invocations=14 (full 0):
 garbage-first heap   total 201728K, used 167237K [0x0000000083600000, 0x0000000100000000)
  region size 1024K, 118 young (120832K), 8 survivors (8192K)
 Metaspace       used 34205K, committed 34496K, reserved 1114112K
  class space    used 4013K, committed 4160K, reserved 1048576K
}
Event: 8.275 GC heap after
{Heap after GC invocations=15 (full 0):
 garbage-first heap   total 201728K, used 58613K [0x0000000083600000, 0x0000000100000000)
  region size 1024K, 12 young (12288K), 12 survivors (12288K)
 Metaspace       used 34205K, committed 34496K, reserved 1114112K
  class space    used 4013K, committed 4160K, reserved 1048576K
}
Event: 8.531 GC heap before
{Heap before GC invocations=15 (full 0):
 garbage-first heap   total 201728K, used 168181K [0x0000000083600000, 0x0000000100000000)
  region size 1024K, 118 young (120832K), 12 survivors (12288K)
 Metaspace       used 34299K, committed 34688K, reserved 1114112K
  class space    used 4013K, committed 4160K, reserved 1048576K
}
Event: 8.546 GC heap after
{Heap after GC invocations=16 (full 0):
 garbage-first heap   total 201728K, used 62271K [0x0000000083600000, 0x0000000100000000)
  region size 1024K, 11 young (11264K), 11 survivors (11264K)
 Metaspace       used 34299K, committed 34688K, reserved 1114112K
  class space    used 4013K, committed 4160K, reserved 1048576K
}
Event: 8.818 GC heap before
{Heap before GC invocations=16 (full 0):
 garbage-first heap   total 201728K, used 172863K [0x0000000083600000, 0x0000000100000000)
  region size 1024K, 118 young (120832K), 11 survivors (11264K)
 Metaspace       used 34407K, committed 34752K, reserved 1114112K
  class space    used 4014K, committed 4160K, reserved 1048576K
}
Event: 8.833 GC heap after
{Heap after GC invocations=17 (full 0):
 garbage-first heap   total 201728K, used 67466K [0x0000000083600000, 0x0000000100000000)
  region size 1024K, 12 young (12288K), 12 survivors (12288K)
 Metaspace       used 34407K, committed 34752K, reserved 1114112K
  class space    used 4014K, committed 4160K, reserved 1048576K
}
Event: 9.054 GC heap before
{Heap before GC invocations=17 (full 0):
 garbage-first heap   total 201728K, used 176010K [0x0000000083600000, 0x0000000100000000)
  region size 1024K, 118 young (120832K), 12 survivors (12288K)
 Metaspace       used 34429K, committed 34752K, reserved 1114112K
  class space    used 4015K, committed 4160K, reserved 1048576K
}
Event: 9.083 GC heap after
{Heap after GC invocations=18 (full 0):
 garbage-first heap   total 281600K, used 72927K [0x0000000083600000, 0x0000000100000000)
  region size 1024K, 13 young (13312K), 13 survivors (13312K)
 Metaspace       used 34429K, committed 34752K, reserved 1114112K
  class space    used 4015K, committed 4160K, reserved 1048576K
}
Event: 9.633 GC heap before
{Heap before GC invocations=18 (full 0):
 garbage-first heap   total 281600K, used 230623K [0x0000000083600000, 0x0000000100000000)
  region size 1024K, 165 young (168960K), 13 survivors (13312K)
 Metaspace       used 34826K, committed 35200K, reserved 1114112K
  class space    used 4052K, committed 4224K, reserved 1048576K
}
Event: 9.646 GC heap after
{Heap after GC invocations=19 (full 0):
 garbage-first heap   total 281600K, used 78052K [0x0000000083600000, 0x0000000100000000)
  region size 1024K, 14 young (14336K), 14 survivors (14336K)
 Metaspace       used 34826K, committed 35200K, reserved 1114112K
  class space    used 4052K, committed 4224K, reserved 1048576K
}
Event: 9.987 GC heap before
{Heap before GC invocations=19 (full 0):
 garbage-first heap   total 281600K, used 232676K [0x0000000083600000, 0x0000000100000000)
  region size 1024K, 165 young (168960K), 14 survivors (14336K)
 Metaspace       used 34874K, committed 35264K, reserved 1114112K
  class space    used 4052K, committed 4224K, reserved 1048576K
}
Event: 9.998 GC heap after
{Heap after GC invocations=20 (full 0):
 garbage-first heap   total 281600K, used 82600K [0x0000000083600000, 0x0000000100000000)
  region size 1024K, 15 young (15360K), 15 survivors (15360K)
 Metaspace       used 34874K, committed 35264K, reserved 1114112K
  class space    used 4052K, committed 4224K, reserved 1048576K
}
Event: 10.281 GC heap before
{Heap before GC invocations=20 (full 0):
 garbage-first heap   total 281600K, used 238248K [0x0000000083600000, 0x0000000100000000)
  region size 1024K, 165 young (168960K), 15 survivors (15360K)
 Metaspace       used 34885K, committed 35264K, reserved 1114112K
  class space    used 4052K, committed 4224K, reserved 1048576K
}
Event: 10.297 GC heap after
{Heap after GC invocations=21 (full 0):
 garbage-first heap   total 281600K, used 93586K [0x0000000083600000, 0x0000000100000000)
  region size 1024K, 18 young (18432K), 18 survivors (18432K)
 Metaspace       used 34885K, committed 35264K, reserved 1114112K
  class space    used 4052K, committed 4224K, reserved 1048576K
}
Event: 10.610 GC heap before
{Heap before GC invocations=21 (full 0):
 garbage-first heap   total 281600K, used 248210K [0x0000000083600000, 0x0000000100000000)
  region size 1024K, 165 young (168960K), 18 survivors (18432K)
 Metaspace       used 34966K, committed 35328K, reserved 1114112K
  class space    used 4067K, committed 4224K, reserved 1048576K
}

